Performing C SOURCE FILE Test CMAKE_HAVE_LIBC_PTHREAD failed with the following output:
Change Dir: /home/klab-1521-katayama/catkin_ws/build/kobuki_keyop/CMakeFiles/CMakeTmp

Run Build Command(s):/bin/make cmTC_a2792/fast && /bin/make -f CMakeFiles/cmTC_a2792.dir/build.make CMakeFiles/cmTC_a2792.dir/build
make[1]: ディレクトリ '/home/klab-1521-katayama/catkin_ws/build/kobuki_keyop/CMakeFiles/CMakeTmp' に入ります
Building C object CMakeFiles/cmTC_a2792.dir/src.c.o
/bin/cc   -DCMAKE_HAVE_LIBC_PTHREAD   -o CMakeFiles/cmTC_a2792.dir/src.c.o   -c /home/klab-1521-katayama/catkin_ws/build/kobuki_keyop/CMakeFiles/CMakeTmp/src.c
Linking C executable cmTC_a2792
/usr/bin/cmake -E cmake_link_script CMakeFiles/cmTC_a2792.dir/link.txt --verbose=1
/bin/cc  -DCMAKE_HAVE_LIBC_PTHREAD    -rdynamic CMakeFiles/cmTC_a2792.dir/src.c.o  -o cmTC_a2792 
/bin/ld: CMakeFiles/cmTC_a2792.dir/src.c.o: in function `main':
src.c:(.text+0x46): undefined reference to `pthread_create'
/bin/ld: src.c:(.text+0x52): undefined reference to `pthread_detach'
/bin/ld: src.c:(.text+0x63): undefined reference to `pthread_join'
collect2: error: ld returned 1 exit status
make[1]: *** [CMakeFiles/cmTC_a2792.dir/build.make:87: cmTC_a2792] エラー 1
make[1]: ディレクトリ '/home/klab-1521-katayama/catkin_ws/build/kobuki_keyop/CMakeFiles/CMakeTmp' から出ます
make: *** [Makefile:121: cmTC_a2792/fast] エラー 2


Source file was:
#include <pthread.h>

void* test_func(void* data)
{
  return data;
}

int main(void)
{
  pthread_t thread;
  pthread_create(&thread, NULL, test_func, NULL);
  pthread_detach(thread);
  pthread_join(thread, NULL);
  pthread_atfork(NULL, NULL, NULL);
  pthread_exit(NULL);

  return 0;
}

Determining if the function pthread_create exists in the pthreads failed with the following output:
Change Dir: /home/klab-1521-katayama/catkin_ws/build/kobuki_keyop/CMakeFiles/CMakeTmp

Run Build Command(s):/bin/make cmTC_c20a1/fast && /bin/make -f CMakeFiles/cmTC_c20a1.dir/build.make CMakeFiles/cmTC_c20a1.dir/build
make[1]: ディレクトリ '/home/klab-1521-katayama/catkin_ws/build/kobuki_keyop/CMakeFiles/CMakeTmp' に入ります
Building C object CMakeFiles/cmTC_c20a1.dir/CheckFunctionExists.c.o
/bin/cc   -DCHECK_FUNCTION_EXISTS=pthread_create   -o CMakeFiles/cmTC_c20a1.dir/CheckFunctionExists.c.o   -c /usr/share/cmake-3.16/Modules/CheckFunctionExists.c
Linking C executable cmTC_c20a1
/usr/bin/cmake -E cmake_link_script CMakeFiles/cmTC_c20a1.dir/link.txt --verbose=1
/bin/cc  -DCHECK_FUNCTION_EXISTS=pthread_create    -rdynamic CMakeFiles/cmTC_c20a1.dir/CheckFunctionExists.c.o  -o cmTC_c20a1  -lpthreads 
/bin/ld: -lpthreads が見つかりません
collect2: error: ld returned 1 exit status
make[1]: *** [CMakeFiles/cmTC_c20a1.dir/build.make:87: cmTC_c20a1] エラー 1
make[1]: ディレクトリ '/home/klab-1521-katayama/catkin_ws/build/kobuki_keyop/CMakeFiles/CMakeTmp' から出ます
make: *** [Makefile:121: cmTC_c20a1/fast] エラー 2



